Original List
-------------
Position 0: 1
Position 1: 3
Position 2: 5
Position 3: 7
Position 4: 9
Position 5: 11
Position 6: 13
Position 7: 15
Position 8: 17
Position 9: 19

New List
--------
Position 0: 10
Position 1: 30
Position 2: 50
Position 3: 70
Position 4: 90
Position 5: 110
Position 6: 130
Position 7: 150
Position 8: 170
Position 9: 190

Original List
-------------
Position 0: 1
Position 1: 3
Position 2: 5
Position 3: 7
Position 4: 9
Position 5: 11
Position 6: 13
Position 7: 15
Position 8: 17
Position 9: 19

