Original List
-------------
Position 0: 10
Position 1: 20
Position 2: 30
Position 3: 40
Position 4: 50
Position 5: 60
Position 6: 70
Position 7: 80
Position 8: 90
Position 9: 100

New List
--------
Position 0: 100
Position 1: 200
Position 2: 300
Position 3: 400
Position 4: 500
Position 5: 600
Position 6: 700
Position 7: 800
Position 8: 900
Position 9: 1000

Original List
-------------
Position 0: 10
Position 1: 20
Position 2: 30
Position 3: 40
Position 4: 50
Position 5: 60
Position 6: 70
Position 7: 80
Position 8: 90
Position 9: 100

